<?xml version="1.0" encoding="UTF-8"?>
<!-- Generated by org.testng.reporters.JUnitReportReporter -->
<testsuite skipped="0" hostname="DESKTOP-UA3PNDR" name="com.training.sanity.tests.LoginTests" tests="1" failures="0" timestamp="2019-09-23T07:46:42 CDT" time="27.438" errors="0">
  <testcase name="validLoginTest" time="27.438" classname="com.training.sanity.tests.LoginTests"/>
</testsuite> <!-- com.training.sanity.tests.LoginTests -->
