<?xml version="1.0" encoding="UTF-8"?>
<!-- Generated by org.testng.reporters.JUnitReportReporter -->
<testsuite skipped="0" hostname="DESKTOP-UA3PNDR" name="com.training.sanity.tests.RTTC_2008Tests" tests="1" failures="0" timestamp="2019-09-26T22:41:05 CDT" time="26.750" errors="0">
  <testcase name="addProduct" time="26.750" classname="com.training.sanity.tests.RTTC_2008Tests"/>
</testsuite> <!-- com.training.sanity.tests.RTTC_2008Tests -->
