<?xml version="1.0" encoding="UTF-8"?>
<!-- Generated by org.testng.reporters.JUnitReportReporter -->
<testsuite skipped="0" hostname="DESKTOP-UA3PNDR" name="com.training.sanity.tests.ChangePasswordMismatch_RTTC07_TC01" tests="1" failures="0" timestamp="2019-09-23T23:20:09 CDT" time="22.348" errors="0">
  <testcase name="addProduct" time="22.348" classname="com.training.sanity.tests.ChangePasswordMismatch_RTTC07_TC01"/>
</testsuite> <!-- com.training.sanity.tests.ChangePasswordMismatch_RTTC07_TC01 -->
