<?xml version="1.0" encoding="UTF-8"?>
<!-- Generated by org.testng.reporters.JUnitReportReporter -->
<testsuite skipped="0" hostname="DESKTOP-UA3PNDR" name="com.training.sanity.tests.RTTC_7067_Tests" tests="4" failures="0" timestamp="2019-10-10T09:13:43 CDT" time="60.311" errors="0">
  <testcase name="adminFilter69" time="16.388" classname="com.training.sanity.tests.RTTC_7067_Tests"/>
  <testcase name="adminFilter69" time="14.323" classname="com.training.sanity.tests.RTTC_7067_Tests"/>
  <testcase name="adminFilter69" time="14.945" classname="com.training.sanity.tests.RTTC_7067_Tests"/>
  <testcase name="adminFilter69" time="14.655" classname="com.training.sanity.tests.RTTC_7067_Tests"/>
</testsuite> <!-- com.training.sanity.tests.RTTC_7067_Tests -->
