<?xml version="1.0" encoding="UTF-8"?>
<!-- Generated by org.testng.reporters.JUnitReportReporter -->
<testsuite skipped="0" hostname="DESKTOP-UA3PNDR" name="com.training.sanity.tests.BasicTCstest" tests="1" failures="0" timestamp="2019-09-24T00:02:20 CDT" time="24.050" errors="0">
  <testcase name="addProduct" time="24.050" classname="com.training.sanity.tests.BasicTCstest"/>
</testsuite> <!-- com.training.sanity.tests.BasicTCstest -->
