<?xml version="1.0" encoding="UTF-8"?>
<!-- Generated by org.testng.reporters.JUnitReportReporter -->
<testsuite skipped="0" hostname="DESKTOP-UA3PNDR" name="com.training.sanity.tests.RTTC_8068_Tests" tests="4" failures="0" timestamp="2019-10-09T18:43:52 CDT" time="47.332" errors="0">
  <testcase name="adminFilter68" time="13.397" classname="com.training.sanity.tests.RTTC_8068_Tests"/>
  <testcase name="adminFilter68" time="13.535" classname="com.training.sanity.tests.RTTC_8068_Tests"/>
  <testcase name="adminFilter68" time="11.002" classname="com.training.sanity.tests.RTTC_8068_Tests"/>
  <testcase name="adminFilter68" time="9.398" classname="com.training.sanity.tests.RTTC_8068_Tests"/>
</testsuite> <!-- com.training.sanity.tests.RTTC_8068_Tests -->
