<?xml version="1.0" encoding="UTF-8"?>
<!-- Generated by org.testng.reporters.JUnitReportReporter -->
<testsuite skipped="0" hostname="DESKTOP-UA3PNDR" name="com.training.sanity.tests.RTTC_037_Tests" tests="4" failures="0" timestamp="2019-09-25T08:13:46 CDT" time="54.811" errors="0">
  <testcase name="invalidCredentials" time="13.680" classname="com.training.sanity.tests.RTTC_037_Tests"/>
  <testcase name="invalidCredentials" time="18.000" classname="com.training.sanity.tests.RTTC_037_Tests"/>
  <testcase name="invalidCredentials" time="11.254" classname="com.training.sanity.tests.RTTC_037_Tests"/>
  <testcase name="invalidCredentials" time="11.877" classname="com.training.sanity.tests.RTTC_037_Tests"/>
</testsuite> <!-- com.training.sanity.tests.RTTC_037_Tests -->
