<?xml version="1.0" encoding="UTF-8"?>
<!-- Generated by org.testng.reporters.JUnitReportReporter -->
<testsuite skipped="0" hostname="DESKTOP-UA3PNDR" name="com.training.sanity.tests.RTTC_9069_Tests" tests="4" failures="0" timestamp="2019-10-09T18:42:43 CDT" time="50.184" errors="0">
  <testcase name="adminFilter69" time="10.786" classname="com.training.sanity.tests.RTTC_9069_Tests"/>
  <testcase name="adminFilter69" time="11.860" classname="com.training.sanity.tests.RTTC_9069_Tests"/>
  <testcase name="adminFilter69" time="16.497" classname="com.training.sanity.tests.RTTC_9069_Tests"/>
  <testcase name="adminFilter69" time="11.041" classname="com.training.sanity.tests.RTTC_9069_Tests"/>
</testsuite> <!-- com.training.sanity.tests.RTTC_9069_Tests -->
