<?xml version="1.0" encoding="UTF-8"?>
<!-- Generated by org.testng.reporters.JUnitReportReporter -->
<testsuite skipped="0" hostname="DESKTOP-UA3PNDR" name="com.training.sanity.tests.RTTC_5038_Tests" tests="1" failures="0" timestamp="2019-10-09T20:50:02 CDT" time="11.464" errors="0">
  <testcase name="adminFilter" time="11.464" classname="com.training.sanity.tests.RTTC_5038_Tests"/>
</testsuite> <!-- com.training.sanity.tests.RTTC_5038_Tests -->
