<?xml version="1.0" encoding="UTF-8"?>
<!-- Generated by org.testng.reporters.JUnitReportReporter -->
<testsuite skipped="0" hostname="DESKTOP-UA3PNDR" name="com.training.sanity.tests.RTTC_4037Tests" tests="4" failures="0" timestamp="2019-10-09T20:46:00 CDT" time="32.016" errors="0">
  <testcase name="invalidCredentials" time="7.187" classname="com.training.sanity.tests.RTTC_4037Tests"/>
  <testcase name="invalidCredentials" time="7.544" classname="com.training.sanity.tests.RTTC_4037Tests"/>
  <testcase name="invalidCredentials" time="9.188" classname="com.training.sanity.tests.RTTC_4037Tests"/>
  <testcase name="invalidCredentials" time="8.097" classname="com.training.sanity.tests.RTTC_4037Tests"/>
</testsuite> <!-- com.training.sanity.tests.RTTC_4037Tests -->
