<?xml version="1.0" encoding="UTF-8"?>
<!-- Generated by org.testng.reporters.JUnitReportReporter -->
<testsuite skipped="0" hostname="DESKTOP-UA3PNDR" name="com.training.sanity.tests.RTTC_1007Tests" tests="1" failures="0" timestamp="2019-10-20T20:29:34 CDT" time="41.465" errors="0">
  <testcase name="changePasswordMismatchTest" time="41.465" classname="com.training.sanity.tests.RTTC_1007Tests"/>
</testsuite> <!-- com.training.sanity.tests.RTTC_1007Tests -->
