<?xml version="1.0" encoding="UTF-8"?>
<!-- Generated by org.testng.reporters.JUnitReportReporter -->
<testsuite skipped="0" hostname="DESKTOP-UA3PNDR" name="com.training.sanity.tests.ChangePasswordMismatch" tests="1" failures="0" timestamp="2019-09-23T08:07:41 CDT" time="34.464" errors="0">
  <testcase name="validLoginTest" time="34.464" classname="com.training.sanity.tests.ChangePasswordMismatch"/>
</testsuite> <!-- com.training.sanity.tests.ChangePasswordMismatch -->
