<?xml version="1.0" encoding="UTF-8"?>
<!-- Generated by org.testng.reporters.JUnitReportReporter -->
<testsuite skipped="0" hostname="DESKTOP-UA3PNDR" name="com.training.sanity.tests.RTTC_2009Tests" tests="1" failures="0" timestamp="2019-10-09T20:33:04 CDT" time="22.533" errors="0">
  <testcase name="addProduct" time="22.533" classname="com.training.sanity.tests.RTTC_2009Tests"/>
</testsuite> <!-- com.training.sanity.tests.RTTC_2009Tests -->
