<?xml version="1.0" encoding="UTF-8"?>
<!-- Generated by org.testng.reporters.JUnitReportReporter -->
<testsuite skipped="0" hostname="DESKTOP-UA3PNDR" name="com.training.sanity.tests.RTTC_038_Tests" tests="1" failures="0" timestamp="2019-09-26T07:50:52 CDT" time="14.293" errors="0">
  <testcase name="adminFilter" time="14.293" classname="com.training.sanity.tests.RTTC_038_Tests"/>
</testsuite> <!-- com.training.sanity.tests.RTTC_038_Tests -->
